Determining if the pthread_create exist failed with the following output:
Change Dir: /root/CS4501-Labs/project/build/flightgoggles_uav_dynamics/CMakeFiles/CMakeTmp

Run Build Command:"/usr/bin/make" "cmTC_b1ef6/fast"
/usr/bin/make -f CMakeFiles/cmTC_b1ef6.dir/build.make CMakeFiles/cmTC_b1ef6.dir/build
make[1]: Entering directory '/root/CS4501-Labs/project/build/flightgoggles_uav_dynamics/CMakeFiles/CMakeTmp'
Building C object CMakeFiles/cmTC_b1ef6.dir/CheckSymbolExists.c.o
/usr/bin/cc    -o CMakeFiles/cmTC_b1ef6.dir/CheckSymbolExists.c.o   -c /root/CS4501-Labs/project/build/flightgoggles_uav_dynamics/CMakeFiles/CMakeTmp/CheckSymbolExists.c
Linking C executable cmTC_b1ef6
/usr/bin/cmake -E cmake_link_script CMakeFiles/cmTC_b1ef6.dir/link.txt --verbose=1
/usr/bin/cc      -rdynamic CMakeFiles/cmTC_b1ef6.dir/CheckSymbolExists.c.o  -o cmTC_b1ef6 
CMakeFiles/cmTC_b1ef6.dir/CheckSymbolExists.c.o: In function `main':
CheckSymbolExists.c:(.text+0x1b): undefined reference to `pthread_create'
collect2: error: ld returned 1 exit status
CMakeFiles/cmTC_b1ef6.dir/build.make:97: recipe for target 'cmTC_b1ef6' failed
make[1]: *** [cmTC_b1ef6] Error 1
make[1]: Leaving directory '/root/CS4501-Labs/project/build/flightgoggles_uav_dynamics/CMakeFiles/CMakeTmp'
Makefile:126: recipe for target 'cmTC_b1ef6/fast' failed
make: *** [cmTC_b1ef6/fast] Error 2

File /root/CS4501-Labs/project/build/flightgoggles_uav_dynamics/CMakeFiles/CMakeTmp/CheckSymbolExists.c:
/* */
#include <pthread.h>

int main(int argc, char** argv)
{
  (void)argv;
#ifndef pthread_create
  return ((int*)(&pthread_create))[argc];
#else
  (void)argc;
  return 0;
#endif
}

Determining if the function pthread_create exists in the pthreads failed with the following output:
Change Dir: /root/CS4501-Labs/project/build/flightgoggles_uav_dynamics/CMakeFiles/CMakeTmp

Run Build Command:"/usr/bin/make" "cmTC_e4f9b/fast"
/usr/bin/make -f CMakeFiles/cmTC_e4f9b.dir/build.make CMakeFiles/cmTC_e4f9b.dir/build
make[1]: Entering directory '/root/CS4501-Labs/project/build/flightgoggles_uav_dynamics/CMakeFiles/CMakeTmp'
Building C object CMakeFiles/cmTC_e4f9b.dir/CheckFunctionExists.c.o
/usr/bin/cc   -DCHECK_FUNCTION_EXISTS=pthread_create   -o CMakeFiles/cmTC_e4f9b.dir/CheckFunctionExists.c.o   -c /usr/share/cmake-3.10/Modules/CheckFunctionExists.c
Linking C executable cmTC_e4f9b
/usr/bin/cmake -E cmake_link_script CMakeFiles/cmTC_e4f9b.dir/link.txt --verbose=1
/usr/bin/cc  -DCHECK_FUNCTION_EXISTS=pthread_create    -rdynamic CMakeFiles/cmTC_e4f9b.dir/CheckFunctionExists.c.o  -o cmTC_e4f9b -lpthreads 
/usr/bin/ld: cannot find -lpthreads
collect2: error: ld returned 1 exit status
CMakeFiles/cmTC_e4f9b.dir/build.make:97: recipe for target 'cmTC_e4f9b' failed
make[1]: *** [cmTC_e4f9b] Error 1
make[1]: Leaving directory '/root/CS4501-Labs/project/build/flightgoggles_uav_dynamics/CMakeFiles/CMakeTmp'
Makefile:126: recipe for target 'cmTC_e4f9b/fast' failed
make: *** [cmTC_e4f9b/fast] Error 2


