Determining if the pthread_create exist failed with the following output:
Change Dir: /root/CS4501-Labs/project/build/simple_control/CMakeFiles/CMakeTmp

Run Build Command:"/usr/bin/make" "cmTC_54e58/fast"
/usr/bin/make -f CMakeFiles/cmTC_54e58.dir/build.make CMakeFiles/cmTC_54e58.dir/build
make[1]: Entering directory '/root/CS4501-Labs/project/build/simple_control/CMakeFiles/CMakeTmp'
Building C object CMakeFiles/cmTC_54e58.dir/CheckSymbolExists.c.o
/usr/bin/cc    -o CMakeFiles/cmTC_54e58.dir/CheckSymbolExists.c.o   -c /root/CS4501-Labs/project/build/simple_control/CMakeFiles/CMakeTmp/CheckSymbolExists.c
Linking C executable cmTC_54e58
/usr/bin/cmake -E cmake_link_script CMakeFiles/cmTC_54e58.dir/link.txt --verbose=1
/usr/bin/cc      -rdynamic CMakeFiles/cmTC_54e58.dir/CheckSymbolExists.c.o  -o cmTC_54e58 
CMakeFiles/cmTC_54e58.dir/CheckSymbolExists.c.o: In function `main':
CheckSymbolExists.c:(.text+0x1b): undefined reference to `pthread_create'
collect2: error: ld returned 1 exit status
CMakeFiles/cmTC_54e58.dir/build.make:97: recipe for target 'cmTC_54e58' failed
make[1]: *** [cmTC_54e58] Error 1
make[1]: Leaving directory '/root/CS4501-Labs/project/build/simple_control/CMakeFiles/CMakeTmp'
Makefile:126: recipe for target 'cmTC_54e58/fast' failed
make: *** [cmTC_54e58/fast] Error 2

File /root/CS4501-Labs/project/build/simple_control/CMakeFiles/CMakeTmp/CheckSymbolExists.c:
/* */
#include <pthread.h>

int main(int argc, char** argv)
{
  (void)argv;
#ifndef pthread_create
  return ((int*)(&pthread_create))[argc];
#else
  (void)argc;
  return 0;
#endif
}

Determining if the function pthread_create exists in the pthreads failed with the following output:
Change Dir: /root/CS4501-Labs/project/build/simple_control/CMakeFiles/CMakeTmp

Run Build Command:"/usr/bin/make" "cmTC_3ce10/fast"
/usr/bin/make -f CMakeFiles/cmTC_3ce10.dir/build.make CMakeFiles/cmTC_3ce10.dir/build
make[1]: Entering directory '/root/CS4501-Labs/project/build/simple_control/CMakeFiles/CMakeTmp'
Building C object CMakeFiles/cmTC_3ce10.dir/CheckFunctionExists.c.o
/usr/bin/cc   -DCHECK_FUNCTION_EXISTS=pthread_create   -o CMakeFiles/cmTC_3ce10.dir/CheckFunctionExists.c.o   -c /usr/share/cmake-3.10/Modules/CheckFunctionExists.c
Linking C executable cmTC_3ce10
/usr/bin/cmake -E cmake_link_script CMakeFiles/cmTC_3ce10.dir/link.txt --verbose=1
/usr/bin/cc  -DCHECK_FUNCTION_EXISTS=pthread_create    -rdynamic CMakeFiles/cmTC_3ce10.dir/CheckFunctionExists.c.o  -o cmTC_3ce10 -lpthreads 
/usr/bin/ld: cannot find -lpthreads
collect2: error: ld returned 1 exit status
CMakeFiles/cmTC_3ce10.dir/build.make:97: recipe for target 'cmTC_3ce10' failed
make[1]: *** [cmTC_3ce10] Error 1
make[1]: Leaving directory '/root/CS4501-Labs/project/build/simple_control/CMakeFiles/CMakeTmp'
Makefile:126: recipe for target 'cmTC_3ce10/fast' failed
make: *** [cmTC_3ce10/fast] Error 2


